<?xml version="1.0" encoding="UTF-8"?>
<!-- Generated by org.testng.reporters.JUnitReportReporter -->
<testsuite hostname="I31721" name="com.api.tests.TestCases" tests="2" failures="0" timestamp="15 Apr 2020 17:20:42 GMT" time="3.178" errors="0">
  <testcase name="verifyPostAPI" time="1.297" classname="com.api.tests.TestCases"/>
  <testcase name="verifyGetAPI" time="1.881" classname="com.api.tests.TestCases"/>
</testsuite> <!-- com.api.tests.TestCases -->
